<?xml version="1.0" encoding="UTF-8"?>
<!-- Generated by org.testng.reporters.JUnitReportReporter -->
<testsuite hostname="Mohsins-Air.fritz.box" failures="0" tests="1" name="testCases.TC_001_LaunchingAndAddToCart" time="10.425" errors="0" timestamp="18 Jun 2021 21:06:35 GMT" skipped="0">
  <testcase classname="testCases.TC_001_LaunchingAndAddToCart" name="AddToCart" time="10.425"/>
</testsuite> <!-- testCases.TC_001_LaunchingAndAddToCart -->
